This is pdfTeX, Version 3.14159265-2.6-1.40.20 (TeX Live 2019) (preloaded format=pdflatex 2019.11.8)  3 DEC 2019 08:54
entering extended mode
 restricted \write18 enabled.
 file:line:error style messages enabled.
 %&-line parsing enabled.
**/Users/federicocapaccio/Documents/GitHub/CalabreseCapaccioCavallo/Releases/DD/DD_main.tex
(/Users/federicocapaccio/Documents/GitHub/CalabreseCapaccioCavallo/Releases/DD/DD_main.tex
LaTeX2e <2018-12-01>
(/usr/local/texlive/2019/texmf-dist/tex/latex/base/article.cls
Document Class: article 2018/09/03 v1.4i Standard LaTeX document class
(/usr/local/texlive/2019/texmf-dist/tex/latex/base/size10.clo
File: size10.clo 2018/09/03 v1.4i Standard LaTeX file (size option)
)
\c@part=\count80
\c@section=\count81
\c@subsection=\count82
\c@subsubsection=\count83
\c@paragraph=\count84
\c@subparagraph=\count85
\c@figure=\count86
\c@table=\count87
\abovecaptionskip=\skip41
\belowcaptionskip=\skip42
\bibindent=\dimen102
) (/usr/local/texlive/2019/texmf-dist/tex/latex/base/inputenc.sty
Package: inputenc 2018/08/11 v1.3c Input encoding file
\inpenc@prehook=\toks14
\inpenc@posthook=\toks15
)
   defining Unicode char U+FB01 (decimal 64257)
 (/usr/local/texlive/2019/texmf-dist/tex/generic/babel/babel.sty
Package: babel 2019/05/04 3.31 The Babel package
 (/usr/local/texlive/2019/texmf-dist/tex/generic/babel/switch.def
File: switch.def 2019/05/04 3.31 Babel switching mechanism
) (/usr/local/texlive/2019/texmf-dist/tex/generic/babel-english/english.ldf
Language: english 2017/06/06 v3.3r English support from the babel system
 (/usr/local/texlive/2019/texmf-dist/tex/generic/babel/babel.def
File: babel.def 2019/05/04 3.31 Babel common definitions
\babel@savecnt=\count88
\U@D=\dimen103
 (/usr/local/texlive/2019/texmf-dist/tex/generic/babel/txtbabel.def)
\bbl@dirlevel=\count89
)
\l@canadian = a dialect from \language\l@american 
\l@australian = a dialect from \language\l@british 
\l@newzealand = a dialect from \language\l@british 
)) (/usr/local/texlive/2019/texmf-dist/tex/latex/enumitem/enumitem.sty
Package: enumitem 2019/02/04 v3.8 Customized lists
\enitkv@toks@=\toks16
\labelindent=\skip43
\enit@outerparindent=\dimen104
\enit@toks=\toks17
\enit@inbox=\box27
\enit@count@id=\count90
\enitdp@description=\count91
) (/usr/local/texlive/2019/texmf-dist/tex/latex/fancyhdr/fancyhdr.sty
Package: fancyhdr 2019/01/31 v3.10 Extensive control of page headers and footers
\f@nch@headwidth=\skip44
\f@nch@O@elh=\skip45
\f@nch@O@erh=\skip46
\f@nch@O@olh=\skip47
\f@nch@O@orh=\skip48
\f@nch@O@elf=\skip49
\f@nch@O@erf=\skip50
\f@nch@O@olf=\skip51
\f@nch@O@orf=\skip52
) (/usr/local/texlive/2019/texmf-dist/tex/latex/graphics/graphicx.sty
Package: graphicx 2017/06/01 v1.1a Enhanced LaTeX Graphics (DPC,SPQR)
 (/usr/local/texlive/2019/texmf-dist/tex/latex/graphics/keyval.sty
Package: keyval 2014/10/28 v1.15 key=value parser (DPC)
\KV@toks@=\toks18
) (/usr/local/texlive/2019/texmf-dist/tex/latex/graphics/graphics.sty
Package: graphics 2017/06/25 v1.2c Standard LaTeX Graphics (DPC,SPQR)
 (/usr/local/texlive/2019/texmf-dist/tex/latex/graphics/trig.sty
Package: trig 2016/01/03 v1.10 sin cos tan (DPC)
) (/usr/local/texlive/2019/texmf-dist/tex/latex/graphics-cfg/graphics.cfg
File: graphics.cfg 2016/06/04 v1.11 sample graphics configuration
)
Package graphics Info: Driver file: pdftex.def on input line 99.
 (/usr/local/texlive/2019/texmf-dist/tex/latex/graphics-def/pdftex.def
File: pdftex.def 2018/01/08 v1.0l Graphics/color driver for pdftex
))
\Gin@req@height=\dimen105
\Gin@req@width=\dimen106
) (/usr/local/texlive/2019/texmf-dist/tex/latex/todonotes/todonotes.sty
Package: todonotes 2019/01/24 v1.1.2 Todonotes source and documentation.
Package: todonotes 2018/11/22
 (/usr/local/texlive/2019/texmf-dist/tex/latex/base/ifthen.sty
Package: ifthen 2014/09/29 v1.1c Standard LaTeX ifthen package (DPC)
) (/usr/local/texlive/2019/texmf-dist/tex/latex/xkeyval/xkeyval.sty
Package: xkeyval 2014/12/03 v2.7a package option processing (HA)
 (/usr/local/texlive/2019/texmf-dist/tex/generic/xkeyval/xkeyval.tex (/usr/local/texlive/2019/texmf-dist/tex/generic/xkeyval/xkvutils.tex
\XKV@toks=\toks19
\XKV@tempa@toks=\toks20
)
\XKV@depth=\count92
File: xkeyval.tex 2014/12/03 v2.7a key=value parser (HA)
)) (/usr/local/texlive/2019/texmf-dist/tex/latex/xcolor/xcolor.sty
Package: xcolor 2016/05/11 v2.12 LaTeX color extensions (UK)
 (/usr/local/texlive/2019/texmf-dist/tex/latex/graphics-cfg/color.cfg
File: color.cfg 2016/01/02 v1.6 sample color configuration
)
Package xcolor Info: Driver file: pdftex.def on input line 225.
Package xcolor Info: Model `cmy' substituted by `cmy0' on input line 1348.
Package xcolor Info: Model `hsb' substituted by `rgb' on input line 1352.
Package xcolor Info: Model `RGB' extended on input line 1364.
Package xcolor Info: Model `HTML' substituted by `rgb' on input line 1366.
Package xcolor Info: Model `Hsb' substituted by `hsb' on input line 1367.
Package xcolor Info: Model `tHsb' substituted by `hsb' on input line 1368.
Package xcolor Info: Model `HSB' substituted by `hsb' on input line 1369.
Package xcolor Info: Model `Gray' substituted by `gray' on input line 1370.
Package xcolor Info: Model `wave' substituted by `hsb' on input line 1371.
) (/usr/local/texlive/2019/texmf-dist/tex/latex/pgf/frontendlayer/tikz.sty (/usr/local/texlive/2019/texmf-dist/tex/latex/pgf/basiclayer/pgf.sty (/usr/local/texlive/2019/texmf-dist/tex/latex/pgf/utilities/pgfrcs.sty (/usr/local/texlive/2019/texmf-dist/tex/generic/pgf/utilities/pgfutil-common.tex
\pgfutil@everybye=\toks21
\pgfutil@tempdima=\dimen107
\pgfutil@tempdimb=\dimen108
 (/usr/local/texlive/2019/texmf-dist/tex/generic/pgf/utilities/pgfutil-common-lists.tex)) (/usr/local/texlive/2019/texmf-dist/tex/generic/pgf/utilities/pgfutil-latex.def
\pgfutil@abb=\box28
 (/usr/local/texlive/2019/texmf-dist/tex/latex/ms/everyshi.sty
Package: everyshi 2001/05/15 v3.00 EveryShipout Package (MS)
)) (/usr/local/texlive/2019/texmf-dist/tex/generic/pgf/utilities/pgfrcs.code.tex (/usr/local/texlive/2019/texmf-dist/tex/generic/pgf/pgf.revision.tex)
Package: pgfrcs 2019/04/04 v3.1.2 (3.1.2)
))
Package: pgf 2019/04/04 v3.1.2 (3.1.2)
 (/usr/local/texlive/2019/texmf-dist/tex/latex/pgf/basiclayer/pgfcore.sty (/usr/local/texlive/2019/texmf-dist/tex/latex/pgf/systemlayer/pgfsys.sty (/usr/local/texlive/2019/texmf-dist/tex/generic/pgf/systemlayer/pgfsys.code.tex
Package: pgfsys 2019/04/04 v3.1.2 (3.1.2)
 (/usr/local/texlive/2019/texmf-dist/tex/generic/pgf/utilities/pgfkeys.code.tex
\pgfkeys@pathtoks=\toks22
\pgfkeys@temptoks=\toks23
 (/usr/local/texlive/2019/texmf-dist/tex/generic/pgf/utilities/pgfkeysfiltered.code.tex
\pgfkeys@tmptoks=\toks24
))
\pgf@x=\dimen109
\pgf@y=\dimen110
\pgf@xa=\dimen111
\pgf@ya=\dimen112
\pgf@xb=\dimen113
\pgf@yb=\dimen114
\pgf@xc=\dimen115
\pgf@yc=\dimen116
\w@pgf@writea=\write3
\r@pgf@reada=\read1
\c@pgf@counta=\count93
\c@pgf@countb=\count94
\c@pgf@countc=\count95
\c@pgf@countd=\count96
\t@pgf@toka=\toks25
\t@pgf@tokb=\toks26
\t@pgf@tokc=\toks27
\pgf@sys@id@count=\count97
 (/usr/local/texlive/2019/texmf-dist/tex/generic/pgf/systemlayer/pgf.cfg
File: pgf.cfg 2019/04/04 v3.1.2 (3.1.2)
)
Driver file for pgf: pgfsys-pdftex.def
 (/usr/local/texlive/2019/texmf-dist/tex/generic/pgf/systemlayer/pgfsys-pdftex.def
File: pgfsys-pdftex.def 2019/04/04 v3.1.2 (3.1.2)
 (/usr/local/texlive/2019/texmf-dist/tex/generic/pgf/systemlayer/pgfsys-common-pdf.def
File: pgfsys-common-pdf.def 2019/04/04 v3.1.2 (3.1.2)
))) (/usr/local/texlive/2019/texmf-dist/tex/generic/pgf/systemlayer/pgfsyssoftpath.code.tex
File: pgfsyssoftpath.code.tex 2019/04/04 v3.1.2 (3.1.2)
\pgfsyssoftpath@smallbuffer@items=\count98
\pgfsyssoftpath@bigbuffer@items=\count99
) (/usr/local/texlive/2019/texmf-dist/tex/generic/pgf/systemlayer/pgfsysprotocol.code.tex
File: pgfsysprotocol.code.tex 2019/04/04 v3.1.2 (3.1.2)
)) (/usr/local/texlive/2019/texmf-dist/tex/generic/pgf/basiclayer/pgfcore.code.tex
Package: pgfcore 2019/04/04 v3.1.2 (3.1.2)
 (/usr/local/texlive/2019/texmf-dist/tex/generic/pgf/math/pgfmath.code.tex (/usr/local/texlive/2019/texmf-dist/tex/generic/pgf/math/pgfmathcalc.code.tex (/usr/local/texlive/2019/texmf-dist/tex/generic/pgf/math/pgfmathutil.code.tex) (/usr/local/texlive/2019/texmf-dist/tex/generic/pgf/math/pgfmathparser.code.tex
\pgfmath@dimen=\dimen117
\pgfmath@count=\count100
\pgfmath@box=\box29
\pgfmath@toks=\toks28
\pgfmath@stack@operand=\toks29
\pgfmath@stack@operation=\toks30
) (/usr/local/texlive/2019/texmf-dist/tex/generic/pgf/math/pgfmathfunctions.code.tex (/usr/local/texlive/2019/texmf-dist/tex/generic/pgf/math/pgfmathfunctions.basic.code.tex) (/usr/local/texlive/2019/texmf-dist/tex/generic/pgf/math/pgfmathfunctions.trigonometric.code.tex) (/usr/local/texlive/2019/texmf-dist/tex/generic/pgf/math/pgfmathfunctions.random.code.tex) (/usr/local/texlive/2019/texmf-dist/tex/generic/pgf/math/pgfmathfunctions.comparison.code.tex) (/usr/local/texlive/2019/texmf-dist/tex/generic/pgf/math/pgfmathfunctions.base.code.tex) (/usr/local/texlive/2019/texmf-dist/tex/generic/pgf/math/pgfmathfunctions.round.code.tex) (/usr/local/texlive/2019/texmf-dist/tex/generic/pgf/math/pgfmathfunctions.misc.code.tex) (/usr/local/texlive/2019/texmf-dist/tex/generic/pgf/math/pgfmathfunctions.integerarithmetics.code.tex))) (/usr/local/texlive/2019/texmf-dist/tex/generic/pgf/math/pgfmathfloat.code.tex
\c@pgfmathroundto@lastzeros=\count101
)) (/usr/local/texlive/2019/texmf-dist/tex/generic/pgf/basiclayer/pgfcorepoints.code.tex
File: pgfcorepoints.code.tex 2019/04/04 v3.1.2 (3.1.2)
\pgf@picminx=\dimen118
\pgf@picmaxx=\dimen119
\pgf@picminy=\dimen120
\pgf@picmaxy=\dimen121
\pgf@pathminx=\dimen122
\pgf@pathmaxx=\dimen123
\pgf@pathminy=\dimen124
\pgf@pathmaxy=\dimen125
\pgf@xx=\dimen126
\pgf@xy=\dimen127
\pgf@yx=\dimen128
\pgf@yy=\dimen129
\pgf@zx=\dimen130
\pgf@zy=\dimen131
) (/usr/local/texlive/2019/texmf-dist/tex/generic/pgf/basiclayer/pgfcorepathconstruct.code.tex
File: pgfcorepathconstruct.code.tex 2019/04/04 v3.1.2 (3.1.2)
\pgf@path@lastx=\dimen132
\pgf@path@lasty=\dimen133
) (/usr/local/texlive/2019/texmf-dist/tex/generic/pgf/basiclayer/pgfcorepathusage.code.tex
File: pgfcorepathusage.code.tex 2019/04/04 v3.1.2 (3.1.2)
\pgf@shorten@end@additional=\dimen134
\pgf@shorten@start@additional=\dimen135
) (/usr/local/texlive/2019/texmf-dist/tex/generic/pgf/basiclayer/pgfcorescopes.code.tex
File: pgfcorescopes.code.tex 2019/04/04 v3.1.2 (3.1.2)
\pgfpic=\box30
\pgf@hbox=\box31
\pgf@layerbox@main=\box32
\pgf@picture@serial@count=\count102
) (/usr/local/texlive/2019/texmf-dist/tex/generic/pgf/basiclayer/pgfcoregraphicstate.code.tex
File: pgfcoregraphicstate.code.tex 2019/04/04 v3.1.2 (3.1.2)
\pgflinewidth=\dimen136
) (/usr/local/texlive/2019/texmf-dist/tex/generic/pgf/basiclayer/pgfcoretransformations.code.tex
File: pgfcoretransformations.code.tex 2019/04/04 v3.1.2 (3.1.2)
\pgf@pt@x=\dimen137
\pgf@pt@y=\dimen138
\pgf@pt@temp=\dimen139
) (/usr/local/texlive/2019/texmf-dist/tex/generic/pgf/basiclayer/pgfcorequick.code.tex
File: pgfcorequick.code.tex 2019/04/04 v3.1.2 (3.1.2)
) (/usr/local/texlive/2019/texmf-dist/tex/generic/pgf/basiclayer/pgfcoreobjects.code.tex
File: pgfcoreobjects.code.tex 2019/04/04 v3.1.2 (3.1.2)
) (/usr/local/texlive/2019/texmf-dist/tex/generic/pgf/basiclayer/pgfcorepathprocessing.code.tex
File: pgfcorepathprocessing.code.tex 2019/04/04 v3.1.2 (3.1.2)
) (/usr/local/texlive/2019/texmf-dist/tex/generic/pgf/basiclayer/pgfcorearrows.code.tex
File: pgfcorearrows.code.tex 2019/04/04 v3.1.2 (3.1.2)
\pgfarrowsep=\dimen140
) (/usr/local/texlive/2019/texmf-dist/tex/generic/pgf/basiclayer/pgfcoreshade.code.tex
File: pgfcoreshade.code.tex 2019/04/04 v3.1.2 (3.1.2)
\pgf@max=\dimen141
\pgf@sys@shading@range@num=\count103
\pgf@shadingcount=\count104
) (/usr/local/texlive/2019/texmf-dist/tex/generic/pgf/basiclayer/pgfcoreimage.code.tex
File: pgfcoreimage.code.tex 2019/04/04 v3.1.2 (3.1.2)
 (/usr/local/texlive/2019/texmf-dist/tex/generic/pgf/basiclayer/pgfcoreexternal.code.tex
File: pgfcoreexternal.code.tex 2019/04/04 v3.1.2 (3.1.2)
\pgfexternal@startupbox=\box33
)) (/usr/local/texlive/2019/texmf-dist/tex/generic/pgf/basiclayer/pgfcorelayers.code.tex
File: pgfcorelayers.code.tex 2019/04/04 v3.1.2 (3.1.2)
) (/usr/local/texlive/2019/texmf-dist/tex/generic/pgf/basiclayer/pgfcoretransparency.code.tex
File: pgfcoretransparency.code.tex 2019/04/04 v3.1.2 (3.1.2)
) (/usr/local/texlive/2019/texmf-dist/tex/generic/pgf/basiclayer/pgfcorepatterns.code.tex
File: pgfcorepatterns.code.tex 2019/04/04 v3.1.2 (3.1.2)
) (/usr/local/texlive/2019/texmf-dist/tex/generic/pgf/basiclayer/pgfcorerdf.code.tex
File: pgfcorerdf.code.tex 2019/04/04 v3.1.2 (3.1.2)
))) (/usr/local/texlive/2019/texmf-dist/tex/generic/pgf/modules/pgfmoduleshapes.code.tex
File: pgfmoduleshapes.code.tex 2019/04/04 v3.1.2 (3.1.2)
\pgfnodeparttextbox=\box34
) (/usr/local/texlive/2019/texmf-dist/tex/generic/pgf/modules/pgfmoduleplot.code.tex
File: pgfmoduleplot.code.tex 2019/04/04 v3.1.2 (3.1.2)
) (/usr/local/texlive/2019/texmf-dist/tex/latex/pgf/compatibility/pgfcomp-version-0-65.sty
Package: pgfcomp-version-0-65 2019/04/04 v3.1.2 (3.1.2)
\pgf@nodesepstart=\dimen142
\pgf@nodesepend=\dimen143
) (/usr/local/texlive/2019/texmf-dist/tex/latex/pgf/compatibility/pgfcomp-version-1-18.sty
Package: pgfcomp-version-1-18 2019/04/04 v3.1.2 (3.1.2)
)) (/usr/local/texlive/2019/texmf-dist/tex/latex/pgf/utilities/pgffor.sty (/usr/local/texlive/2019/texmf-dist/tex/latex/pgf/utilities/pgfkeys.sty (/usr/local/texlive/2019/texmf-dist/tex/generic/pgf/utilities/pgfkeys.code.tex)) (/usr/local/texlive/2019/texmf-dist/tex/latex/pgf/math/pgfmath.sty (/usr/local/texlive/2019/texmf-dist/tex/generic/pgf/math/pgfmath.code.tex)) (/usr/local/texlive/2019/texmf-dist/tex/generic/pgf/utilities/pgffor.code.tex
Package: pgffor 2019/04/04 v3.1.2 (3.1.2)
 (/usr/local/texlive/2019/texmf-dist/tex/generic/pgf/math/pgfmath.code.tex)
\pgffor@iter=\dimen144
\pgffor@skip=\dimen145
\pgffor@stack=\toks31
\pgffor@toks=\toks32
)) (/usr/local/texlive/2019/texmf-dist/tex/generic/pgf/frontendlayer/tikz/tikz.code.tex
Package: tikz 2019/04/04 v3.1.2 (3.1.2)
 (/usr/local/texlive/2019/texmf-dist/tex/generic/pgf/libraries/pgflibraryplothandlers.code.tex
File: pgflibraryplothandlers.code.tex 2019/04/04 v3.1.2 (3.1.2)
\pgf@plot@mark@count=\count105
\pgfplotmarksize=\dimen146
)
\tikz@lastx=\dimen147
\tikz@lasty=\dimen148
\tikz@lastxsaved=\dimen149
\tikz@lastysaved=\dimen150
\tikzleveldistance=\dimen151
\tikzsiblingdistance=\dimen152
\tikz@figbox=\box35
\tikz@figbox@bg=\box36
\tikz@tempbox=\box37
\tikz@tempbox@bg=\box38
\tikztreelevel=\count106
\tikznumberofchildren=\count107
\tikznumberofcurrentchild=\count108
\tikz@fig@count=\count109
 (/usr/local/texlive/2019/texmf-dist/tex/generic/pgf/modules/pgfmodulematrix.code.tex
File: pgfmodulematrix.code.tex 2019/04/04 v3.1.2 (3.1.2)
\pgfmatrixcurrentrow=\count110
\pgfmatrixcurrentcolumn=\count111
\pgf@matrix@numberofcolumns=\count112
)
\tikz@expandcount=\count113
 (/usr/local/texlive/2019/texmf-dist/tex/generic/pgf/frontendlayer/tikz/libraries/tikzlibrarytopaths.code.tex
File: tikzlibrarytopaths.code.tex 2019/04/04 v3.1.2 (3.1.2)
))) (/usr/local/texlive/2019/texmf-dist/tex/generic/pgf/frontendlayer/tikz/libraries/tikzlibrarypositioning.code.tex
File: tikzlibrarypositioning.code.tex 2019/04/04 v3.1.2 (3.1.2)
) (/usr/local/texlive/2019/texmf-dist/tex/generic/pgf/frontendlayer/tikz/libraries/tikzlibraryshadows.code.tex
File: tikzlibraryshadows.code.tex 2019/04/04 v3.1.2 (3.1.2)
 (/usr/local/texlive/2019/texmf-dist/tex/generic/pgf/frontendlayer/tikz/libraries/tikzlibraryfadings.code.tex
File: tikzlibraryfadings.code.tex 2019/04/04 v3.1.2 (3.1.2)
 (/usr/local/texlive/2019/texmf-dist/tex/generic/pgf/libraries/pgflibraryfadings.code.tex
File: pgflibraryfadings.code.tex 2019/04/04 v3.1.2 (3.1.2)
))) (/usr/local/texlive/2019/texmf-dist/tex/latex/tools/calc.sty
Package: calc 2017/05/25 v4.3 Infix arithmetic (KKT,FJ)
\calc@Acount=\count114
\calc@Bcount=\count115
\calc@Adimen=\dimen153
\calc@Bdimen=\dimen154
\calc@Askip=\skip53
\calc@Bskip=\skip54
LaTeX Info: Redefining \setlength on input line 80.
LaTeX Info: Redefining \addtolength on input line 81.
\calc@Ccount=\count116
\calc@Cskip=\skip55
)
\c@@todonotes@numberoftodonotes=\count117
) (/usr/local/texlive/2019/texmf-dist/tex/latex/hyperref/hyperref.sty
Package: hyperref 2018/11/30 v6.88e Hypertext links for LaTeX
 (/usr/local/texlive/2019/texmf-dist/tex/generic/oberdiek/hobsub-hyperref.sty
Package: hobsub-hyperref 2016/05/16 v1.14 Bundle oberdiek, subset hyperref (HO)
 (/usr/local/texlive/2019/texmf-dist/tex/generic/oberdiek/hobsub-generic.sty
Package: hobsub-generic 2016/05/16 v1.14 Bundle oberdiek, subset generic (HO)
Package: hobsub 2016/05/16 v1.14 Construct package bundles (HO)
Package: infwarerr 2016/05/16 v1.4 Providing info/warning/error messages (HO)
Package: ltxcmds 2016/05/16 v1.23 LaTeX kernel commands for general use (HO)
Package: ifluatex 2016/05/16 v1.4 Provides the ifluatex switch (HO)
Package ifluatex Info: LuaTeX not detected.
Package: ifvtex 2016/05/16 v1.6 Detect VTeX and its facilities (HO)
Package ifvtex Info: VTeX not detected.
Package: intcalc 2016/05/16 v1.2 Expandable calculations with integers (HO)
Package: ifpdf 2018/09/07 v3.3 Provides the ifpdf switch
Package: etexcmds 2016/05/16 v1.6 Avoid name clashes with e-TeX commands (HO)
Package: kvsetkeys 2016/05/16 v1.17 Key value parser (HO)
Package: kvdefinekeys 2016/05/16 v1.4 Define keys (HO)
Package: pdftexcmds 2018/09/10 v0.29 Utility functions of pdfTeX for LuaTeX (HO)
Package pdftexcmds Info: LuaTeX not detected.
Package pdftexcmds Info: \pdf@primitive is available.
Package pdftexcmds Info: \pdf@ifprimitive is available.
Package pdftexcmds Info: \pdfdraftmode found.
Package: pdfescape 2016/05/16 v1.14 Implements pdfTeX's escape features (HO)
Package: bigintcalc 2016/05/16 v1.4 Expandable calculations on big integers (HO)
Package: bitset 2016/05/16 v1.2 Handle bit-vector datatype (HO)
Package: uniquecounter 2016/05/16 v1.3 Provide unlimited unique counter (HO)
)
Package hobsub Info: Skipping package `hobsub' (already loaded).
Package: letltxmacro 2016/05/16 v1.5 Let assignment for LaTeX macros (HO)
Package: hopatch 2016/05/16 v1.3 Wrapper for package hooks (HO)
Package: xcolor-patch 2016/05/16 xcolor patch
Package: atveryend 2016/05/16 v1.9 Hooks at the very end of document (HO)
Package atveryend Info: \enddocument detected (standard20110627).
Package: atbegshi 2016/06/09 v1.18 At begin shipout hook (HO)
Package: refcount 2016/05/16 v3.5 Data extraction from label references (HO)
Package: hycolor 2016/05/16 v1.8 Color options for hyperref/bookmark (HO)
) (/usr/local/texlive/2019/texmf-dist/tex/generic/ifxetex/ifxetex.sty
Package: ifxetex 2010/09/12 v0.6 Provides ifxetex conditional
) (/usr/local/texlive/2019/texmf-dist/tex/latex/oberdiek/auxhook.sty
Package: auxhook 2016/05/16 v1.4 Hooks for auxiliary files (HO)
) (/usr/local/texlive/2019/texmf-dist/tex/latex/oberdiek/kvoptions.sty
Package: kvoptions 2016/05/16 v3.12 Key value format for package options (HO)
)
\@linkdim=\dimen155
\Hy@linkcounter=\count118
\Hy@pagecounter=\count119
 (/usr/local/texlive/2019/texmf-dist/tex/latex/hyperref/pd1enc.def
File: pd1enc.def 2018/11/30 v6.88e Hyperref: PDFDocEncoding definition (HO)
Now handling font encoding PD1 ...
... no UTF-8 mapping file for font encoding PD1
)
\Hy@SavedSpaceFactor=\count120
 (/usr/local/texlive/2019/texmf-dist/tex/latex/latexconfig/hyperref.cfg
File: hyperref.cfg 2002/06/06 v1.2 hyperref configuration of TeXLive
)
Package hyperref Info: Hyper figures OFF on input line 4519.
Package hyperref Info: Link nesting OFF on input line 4524.
Package hyperref Info: Hyper index ON on input line 4527.
Package hyperref Info: Plain pages OFF on input line 4534.
Package hyperref Info: Backreferencing OFF on input line 4539.
Package hyperref Info: Implicit mode ON; LaTeX internals redefined.
Package hyperref Info: Bookmarks ON on input line 4772.
\c@Hy@tempcnt=\count121
 (/usr/local/texlive/2019/texmf-dist/tex/latex/url/url.sty
\Urlmuskip=\muskip10
Package: url 2013/09/16  ver 3.4  Verb mode for urls, etc.
)
LaTeX Info: Redefining \url on input line 5125.
\XeTeXLinkMargin=\dimen156
\Fld@menulength=\count122
\Field@Width=\dimen157
\Fld@charsize=\dimen158
Package hyperref Info: Hyper figures OFF on input line 6380.
Package hyperref Info: Link nesting OFF on input line 6385.
Package hyperref Info: Hyper index ON on input line 6388.
Package hyperref Info: backreferencing OFF on input line 6395.
Package hyperref Info: Link coloring OFF on input line 6400.
Package hyperref Info: Link coloring with OCG OFF on input line 6405.
Package hyperref Info: PDF/A mode OFF on input line 6410.
LaTeX Info: Redefining \ref on input line 6450.
LaTeX Info: Redefining \pageref on input line 6454.
\Hy@abspage=\count123
\c@Item=\count124
\c@Hfootnote=\count125
)
Package hyperref Info: Driver (autodetected): hpdftex.
 (/usr/local/texlive/2019/texmf-dist/tex/latex/hyperref/hpdftex.def
File: hpdftex.def 2018/11/30 v6.88e Hyperref driver for pdfTeX
\Fld@listcount=\count126
\c@bookmark@seq@number=\count127
 (/usr/local/texlive/2019/texmf-dist/tex/latex/oberdiek/rerunfilecheck.sty
Package: rerunfilecheck 2016/05/16 v1.8 Rerun checks for auxiliary files (HO)
Package uniquecounter Info: New unique counter `rerunfilecheck' on input line 282.
)
\Hy@SectionHShift=\skip56
)
Package hyperref Info: Option `colorlinks' set `true' on input line 31.
 (/usr/local/texlive/2019/texmf-dist/tex/latex/base/fontenc.sty
Package: fontenc 2018/08/11 v2.0j Standard LaTeX package
 (/usr/local/texlive/2019/texmf-dist/tex/latex/base/t1enc.def
File: t1enc.def 2018/08/11 v2.0j Standard LaTeX file
LaTeX Font Info:    Redeclaring font encoding T1 on input line 48.
)) (/usr/local/texlive/2019/texmf-dist/tex/latex/appendix/appendix.sty
Package: appendix 2009/09/02 v1.2b extra appendix facilities
\c@@pps=\count128
\c@@ppsavesec=\count129
\c@@ppsaveapp=\count130
) (/usr/local/texlive/2019/texmf-dist/tex/latex/eurosym/eurosym.sty
Package: eurosym 1998/08/06 v1.1 European currency symbol ``Euro''
\@eurobox=\box39
) (/usr/local/texlive/2019/texmf-dist/tex/latex/booktabs/booktabs.sty
Package: booktabs 2016/04/27 v1.618033 publication quality tables
\heavyrulewidth=\dimen159
\lightrulewidth=\dimen160
\cmidrulewidth=\dimen161
\belowrulesep=\dimen162
\belowbottomsep=\dimen163
\aboverulesep=\dimen164
\abovetopsep=\dimen165
\cmidrulesep=\dimen166
\cmidrulekern=\dimen167
\defaultaddspace=\dimen168
\@cmidla=\count131
\@cmidlb=\count132
\@aboverulesep=\dimen169
\@belowrulesep=\dimen170
\@thisruleclass=\count133
\@lastruleclass=\count134
\@thisrulewidth=\dimen171
) (/usr/local/texlive/2019/texmf-dist/tex/latex/tools/longtable.sty
Package: longtable 2014/10/28 v4.11 Multi-page Table package (DPC)+ FMi change
\LTleft=\skip57
\LTright=\skip58
\LTpre=\skip59
\LTpost=\skip60
\LTchunksize=\count135
\LTcapwidth=\dimen172
\LT@head=\box40
\LT@firsthead=\box41
\LT@foot=\box42
\LT@lastfoot=\box43
\LT@cols=\count136
\LT@rows=\count137
\c@LT@tables=\count138
\c@LT@chunks=\count139
\LT@p@ftn=\toks33
) (/usr/local/texlive/2019/texmf-dist/tex/latex/listings/listings.sty
\lst@mode=\count140
\lst@gtempboxa=\box44
\lst@token=\toks34
\lst@length=\count141
\lst@currlwidth=\dimen173
\lst@column=\count142
\lst@pos=\count143
\lst@lostspace=\dimen174
\lst@width=\dimen175
\lst@newlines=\count144
\lst@lineno=\count145
\lst@maxwidth=\dimen176
 (/usr/local/texlive/2019/texmf-dist/tex/latex/listings/lstmisc.sty
File: lstmisc.sty 2019/02/27 1.8b (Carsten Heinz)
\c@lstnumber=\count146
\lst@skipnumbers=\count147
\lst@framebox=\box45
) (/usr/local/texlive/2019/texmf-dist/tex/latex/listings/listings.cfg
File: listings.cfg 2019/02/27 1.8b listings configuration
))
Package: listings 2019/02/27 1.8b (Carsten Heinz)
 (/Users/federicocapaccio/Documents/GitHub/CalabreseCapaccioCavallo/Releases/DD/latex_pseudocode.sty) (/Users/federicocapaccio/Documents/GitHub/CalabreseCapaccioCavallo/Releases/DD/DD_main.aux (/Users/federicocapaccio/Documents/GitHub/CalabreseCapaccioCavallo/Releases/DD/DD_cover.aux) (/Users/federicocapaccio/Documents/GitHub/CalabreseCapaccioCavallo/Releases/DD/DD_introduction.aux) (/Users/federicocapaccio/Documents/GitHub/CalabreseCapaccioCavallo/Releases/DD/DD_archdesign.aux) (/Users/federicocapaccio/Documents/GitHub/CalabreseCapaccioCavallo/Releases/DD/DD_userinterfacedesign.aux) (/Users/federicocapaccio/Documents/GitHub/CalabreseCapaccioCavallo/Releases/DD/DD_reqtraceability.aux) (/Users/federicocapaccio/Documents/GitHub/CalabreseCapaccioCavallo/Releases/DD/DD_implementationTesting.aux

LaTeX Warning: Label `tab:table1' multiply defined.

) (/Users/federicocapaccio/Documents/GitHub/CalabreseCapaccioCavallo/Releases/DD/DD_appendix.aux))
\openout1 = `DD_main.aux'.

LaTeX Font Info:    Checking defaults for OML/cmm/m/it on input line 46.
LaTeX Font Info:    ... okay on input line 46.
LaTeX Font Info:    Checking defaults for T1/cmr/m/n on input line 46.
LaTeX Font Info:    ... okay on input line 46.
LaTeX Font Info:    Checking defaults for OT1/cmr/m/n on input line 46.
LaTeX Font Info:    ... okay on input line 46.
LaTeX Font Info:    Checking defaults for OMS/cmsy/m/n on input line 46.
LaTeX Font Info:    ... okay on input line 46.
LaTeX Font Info:    Checking defaults for OMX/cmex/m/n on input line 46.
LaTeX Font Info:    ... okay on input line 46.
LaTeX Font Info:    Checking defaults for U/cmr/m/n on input line 46.
LaTeX Font Info:    ... okay on input line 46.
LaTeX Font Info:    Checking defaults for PD1/pdf/m/n on input line 46.
LaTeX Font Info:    ... okay on input line 46.
 (/usr/local/texlive/2019/texmf-dist/tex/context/base/mkii/supp-pdf.mkii
[Loading MPS to PDF converter (version 2006.09.02).]
\scratchcounter=\count148
\scratchdimen=\dimen177
\scratchbox=\box46
\nofMPsegments=\count149
\nofMParguments=\count150
\everyMPshowfont=\toks35
\MPscratchCnt=\count151
\MPscratchDim=\dimen178
\MPnumerator=\count152
\makeMPintoPDFobject=\count153
\everyMPtoPDFconversion=\toks36
) (/usr/local/texlive/2019/texmf-dist/tex/latex/oberdiek/epstopdf-base.sty
Package: epstopdf-base 2016/05/15 v2.6 Base part for package epstopdf
 (/usr/local/texlive/2019/texmf-dist/tex/latex/oberdiek/grfext.sty
Package: grfext 2016/05/16 v1.2 Manage graphics extensions (HO)
)
Package epstopdf-base Info: Redefining graphics rule for `.eps' on input line 438.
Package grfext Info: Graphics extension search list:
(grfext)             [.pdf,.png,.jpg,.mps,.jpeg,.jbig2,.jb2,.PDF,.PNG,.JPG,.JPEG,.JBIG2,.JB2,.eps]
(grfext)             \AppendGraphicsExtensions on input line 456.
 (/usr/local/texlive/2019/texmf-dist/tex/latex/latexconfig/epstopdf-sys.cfg
File: epstopdf-sys.cfg 2010/07/13 v1.3 Configuration of (r)epstopdf for TeX Live
)) ABD: EveryShipout initializing macros
\AtBeginShipoutBox=\box47
Package hyperref Info: Link coloring ON on input line 46.
 (/usr/local/texlive/2019/texmf-dist/tex/latex/hyperref/nameref.sty
Package: nameref 2016/05/21 v2.44 Cross-referencing by name of section
 (/usr/local/texlive/2019/texmf-dist/tex/generic/oberdiek/gettitlestring.sty
Package: gettitlestring 2016/05/16 v1.5 Cleanup title references (HO)
)
\c@section@level=\count154
)
LaTeX Info: Redefining \ref on input line 46.
LaTeX Info: Redefining \pageref on input line 46.
LaTeX Info: Redefining \nameref on input line 46.
 (/Users/federicocapaccio/Documents/GitHub/CalabreseCapaccioCavallo/Releases/DD/DD_main.out) (/Users/federicocapaccio/Documents/GitHub/CalabreseCapaccioCavallo/Releases/DD/DD_main.out)
\@outlinefile=\write4
\openout4 = `DD_main.out'.

\c@lstlisting=\count155
\openout2 = `DD_cover.aux'.

 (/Users/federicocapaccio/Documents/GitHub/CalabreseCapaccioCavallo/Releases/DD/DD_cover.tex
<./img/logo_poli.png, id=320, 666.49pt x 302.12875pt>
File: ./img/logo_poli.png Graphic file (type png)
<use ./img/logo_poli.png>
Package pdftex.def Info: ./img/logo_poli.png  used on input line 9.
(pdftex.def)             Requested size: 199.94853pt x 90.63931pt.
LaTeX Font Info:    External font `cmex10' loaded for size
(Font)              <7> on input line 33.
LaTeX Font Info:    External font `cmex10' loaded for size
(Font)              <5> on input line 33.
 [1


{/usr/local/texlive/2019/texmf-var/fonts/map/pdftex/updmap/pdftex.map} <./img/logo_poli.png>]) (/Users/federicocapaccio/Documents/GitHub/CalabreseCapaccioCavallo/Releases/DD/DD_main.toc [1


])
\tf@toc=\write5
\openout5 = `DD_main.toc'.

 (/Users/federicocapaccio/Documents/GitHub/CalabreseCapaccioCavallo/Releases/DD/DD_main.lof [2])
\tf@lof=\write6
\openout6 = `DD_main.lof'.

 (/Users/federicocapaccio/Documents/GitHub/CalabreseCapaccioCavallo/Releases/DD/DD_main.lot)
\tf@lot=\write7
\openout7 = `DD_main.lot'.

 [3]
\openout2 = `DD_introduction.aux'.

 (/Users/federicocapaccio/Documents/GitHub/CalabreseCapaccioCavallo/Releases/DD/DD_introduction.texpdfTeX warning (ext4): destination with the same identifier (name{page.1}) has been already used, duplicate ignored
<to be read again> 
                   \relax 
l.27 		\item [REST API:]
                         REpresentational State Transfer API [1


]
Overfull \hbox (10.77371pt too wide) in paragraph at lines 43--46
\T1/cmr/m/n/10 de-scribed in the \T1/cmr/m/it/10 SafeStreets: Re-quire-ments Anal-y-sis and Spec-i-fi-ca-tion Document\T1/cmr/m/n/10 .[[]] 
 []

LaTeX Font Info:    Try loading font information for OMS+cmr on input line 46.
(/usr/local/texlive/2019/texmf-dist/tex/latex/base/omscmr.fd
File: omscmr.fd 2014/09/29 v2.5h Standard LaTeX font definitions
)
LaTeX Font Info:    Font shape `OMS/cmr/m/n' in size <10> not available
(Font)              Font shape `OMS/cmsy/m/n' tried instead on input line 46.
) [2]
\openout2 = `DD_archdesign.aux'.

 (/Users/federicocapaccio/Documents/GitHub/CalabreseCapaccioCavallo/Releases/DD/DD_archdesign.tex
<./img/contextViewPoint.pdf, id=538, 468.79138pt x 232.9503pt>
File: ./img/contextViewPoint.pdf Graphic file (type pdf)
<use ./img/contextViewPoint.pdf>
Package pdftex.def Info: ./img/contextViewPoint.pdf  used on input line 8.
(pdftex.def)             Requested size: 345.0pt x 171.43857pt.
<./img/ClientServer.pdf, id=539, 343.40916pt x 122.06012pt>
File: ./img/ClientServer.pdf Graphic file (type pdf)
<use ./img/ClientServer.pdf>
Package pdftex.def Info: ./img/ClientServer.pdf  used on input line 20.
(pdftex.def)             Requested size: 172.5pt x 61.313pt.
<./img/ComponentOverview.pdf, id=540, 655.48888pt x 420.61137pt>
File: ./img/ComponentOverview.pdf Graphic file (type pdf)
<use ./img/ComponentOverview.pdf>
Package pdftex.def Info: ./img/ComponentOverview.pdf  used on input line 31.
(pdftex.def)             Requested size: 345.0pt x 221.38264pt.


LaTeX Warning: `h' float specifier changed to `ht'.

[3


 <./img/contextViewPoint.pdf> <./img/ClientServer.pdf>] [4 <./img/ComponentOverview.pdf>]
<./img/highLevelComponents.png, id=598, 548.0475pt x 446.66875pt>
File: ./img/highLevelComponents.png Graphic file (type png)
<use ./img/highLevelComponents.png>
Package pdftex.def Info: ./img/highLevelComponents.png  used on input line 57.
(pdftex.def)             Requested size: 345.0pt x 281.1847pt.
 [5

 <./img/highLevelComponents.png>] [6

]
<./img/ER.pdf, id=610, 955.57pt x 797.98125pt>
File: ./img/ER.pdf Graphic file (type pdf)
<use ./img/ER.pdf>
Package pdftex.def Info: ./img/ER.pdf  used on input line 116.
(pdftex.def)             Requested size: 334.13452pt x 279.02974pt.

Overfull \hbox (14.53737pt too wide) in paragraph at lines 123--124
 []\T1/cmr/bx/n/10 Users[] \T1/cmr/m/n/10 Be-yond the pri-mary key, the [], [] and []
 []


LaTeX Warning: Hyper reference `sec:paymentAlgorithms' on page 7 undefined on input line 127.

[7

 <./img/ER.pdf>] (/usr/local/texlive/2019/texmf-dist/tex/latex/listings/lstlang1.sty
File: lstlang1.sty 2019/02/27 1.8b listings language file
) (/usr/local/texlive/2019/texmf-dist/tex/latex/listings/lstmisc.sty
File: lstmisc.sty 2019/02/27 1.8b (Carsten Heinz)
)
LaTeX Font Info:    Try loading font information for T1+cmtt on input line 145.
 (/usr/local/texlive/2019/texmf-dist/tex/latex/base/t1cmtt.fd
File: t1cmtt.fd 2014/09/29 v2.5h Standard LaTeX font definitions
) [8] [9

]
Underfull \hbox (badness 10000) in paragraph at lines 193--195

 []

<./img/ServerComponent.png, id=671, 1204.5pt x 1125.20375pt>
File: ./img/ServerComponent.png Graphic file (type png)
<use ./img/ServerComponent.png>
Package pdftex.def Info: ./img/ServerComponent.png  used on input line 206.
(pdftex.def)             Requested size: 345.0pt x 322.28314pt.
[10

 <./img/ServerComponent.png>]
<./img/MapHandlerComponent.png, id=677, 1252.68pt x 452.69125pt>
File: ./img/MapHandlerComponent.png Graphic file (type png)
<use ./img/MapHandlerComponent.png>
Package pdftex.def Info: ./img/MapHandlerComponent.png  used on input line 221.
(pdftex.def)             Requested size: 345.0pt x 124.67352pt.

Underfull \hbox (badness 10000) in paragraph at lines 218--227

 []


Overfull \hbox (4.28554pt too wide) in paragraph at lines 228--229
 []\T1/cmr/bx/n/10 StatisticsHandler[] \T1/cmr/m/n/10 This com-po-nent pro-cesses the statis-tics re-quests per-formed
 []

<./img/SubmissionHandlerComponent.png, id=678, 971.63pt x 452.69125pt>
File: ./img/SubmissionHandlerComponent.png Graphic file (type png)
<use ./img/SubmissionHandlerComponent.png>
Package pdftex.def Info: ./img/SubmissionHandlerComponent.png  used on input line 233.
(pdftex.def)             Requested size: 345.0pt x 160.7376pt.

Underfull \hbox (badness 10000) in paragraph at lines 230--239

 []

[11 <./img/MapHandlerComponent.png>]
<./img/AccessHandlerComponent.png, id=689, 1253.68375pt x 453.695pt>
File: ./img/AccessHandlerComponent.png Graphic file (type png)
<use ./img/AccessHandlerComponent.png>
Package pdftex.def Info: ./img/AccessHandlerComponent.png  used on input line 243.
(pdftex.def)             Requested size: 345.0pt x 124.85304pt.

Underfull \hbox (badness 10000) in paragraph at lines 240--249

 []


LaTeX Warning: Reference `fig:userInformationHandlerDiagram' on page 12 undefined on input line 250.

[12 <./img/SubmissionHandlerComponent.png> <./img/AccessHandlerComponent.png>]
<./img/APIHandlerComponent.png, id=699, 791.95876pt x 423.5825pt>
File: ./img/APIHandlerComponent.png Graphic file (type png)
<use ./img/APIHandlerComponent.png>
Package pdftex.def Info: ./img/APIHandlerComponent.png  used on input line 259.
(pdftex.def)             Requested size: 345.0pt x 184.52835pt.

Underfull \hbox (badness 10000) in paragraph at lines 256--265

 []

[13 <./img/APIHandlerComponent.png>]
<./img/ObjectRentManager.pdf, id=709, 1534.73375pt x 836.12375pt>
File: ./img/ObjectRentManager.pdf Graphic file (type pdf)
<use ./img/ObjectRentManager.pdf>
Package pdftex.def Info: ./img/ObjectRentManager.pdf  used on input line 276.
(pdftex.def)             Requested size: 1534.73003pt x 836.1217pt.
 [14

 <./img/ObjectRentManager.pdf>] [15]
<./img/ObjectMaintenanceManager.pdf, id=732, 825.0825pt x 616.3025pt>
File: ./img/ObjectMaintenanceManager.pdf Graphic file (type pdf)
<use ./img/ObjectMaintenanceManager.pdf>
Package pdftex.def Info: ./img/ObjectMaintenanceManager.pdf  used on input line 300.
(pdftex.def)             Requested size: 345.0pt x 257.698pt.
 [16

 <./img/ObjectMaintenanceManager.pdf>]
<./img/ObjectUserInformationManager.pdf, id=744, 823.075pt x 420.57124pt>
File: ./img/ObjectUserInformationManager.pdf Graphic file (type pdf)
<use ./img/ObjectUserInformationManager.pdf>
Package pdftex.def Info: ./img/ObjectUserInformationManager.pdf  used on input line 317.
(pdftex.def)             Requested size: 345.0pt x 176.28575pt.
 [17 <./img/ObjectUserInformationManager.pdf>] [18]
<./img/4Tier.pdf, id=763, 775.89874pt x 206.39569pt>
File: ./img/4Tier.pdf Graphic file (type pdf)
<use ./img/4Tier.pdf>
Package pdftex.def Info: ./img/4Tier.pdf  used on input line 357.
(pdftex.def)             Requested size: 345.0pt x 91.77493pt.
 [19

 <./img/4Tier.pdf>]
<./img/deployComponent.pdf, id=780, 866.27638pt x 811.11026pt>
File: ./img/deployComponent.pdf Graphic file (type pdf)
<use ./img/deployComponent.pdf>
Package pdftex.def Info: ./img/deployComponent.pdf  used on input line 394.
(pdftex.def)             Requested size: 866.27428pt x 811.10828pt.
 [20 <./img/deployComponent.pdf>]
Overfull \hbox (13.82684pt too wide) in paragraph at lines 412--413
 []\T1/cmr/bx/n/10 DBMS:[] \T1/cmr/m/n/10 MySQL was cho-sen as DBMS since it is the most pop-u-lar and widespread
 []

[21

]
Underfull \hbox (badness 10000) in paragraph at lines 415--416

 []

<./img/decisionTree.pdf, id=812, 806.01125pt x 921.4425pt>
File: ./img/decisionTree.pdf Graphic file (type pdf)
<use ./img/decisionTree.pdf>
Package pdftex.def Info: ./img/decisionTree.pdf  used on input line 419.
(pdftex.def)             Requested size: 345.0pt x 394.41287pt.
[22

 <./img/decisionTree.pdf>] [23

]
<./img/deployment.pdf, id=832, 1121.18875pt x 1118.1775pt>
File: ./img/deployment.pdf Graphic file (type pdf)
<use ./img/deployment.pdf>
Package pdftex.def Info: ./img/deployment.pdf  used on input line 437.
(pdftex.def)             Requested size: 345.0pt x 344.07214pt.
 [24 <./img/deployment.pdf>]
Package hyperref Info: bookmark level for unknown todo defaults to 0 on input line 449.
<./img/sequenceDiagrams/uploadSubmission.png, id=841, 1044.90375pt x 864.22874pt>
File: ./img/sequenceDiagrams/uploadSubmission.png Graphic file (type png)
<use ./img/sequenceDiagrams/uploadSubmission.png>
Package pdftex.def Info: ./img/sequenceDiagrams/uploadSubmission.png  used on input line 460.
(pdftex.def)             Requested size: 1044.9012pt x 864.22662pt.
 [25


 <./img/sequenceDiagrams/uploadSubmission.png>]
Underfull \hbox (badness 10000) in paragraph at lines 468--470

 []


Underfull \hbox (badness 10000) in paragraph at lines 472--473

 []

<./img/sequenceDiagrams/mapRequest.png, id=850, 1044.90375pt x 673.51625pt>
File: ./img/sequenceDiagrams/mapRequest.png Graphic file (type png)
<use ./img/sequenceDiagrams/mapRequest.png>
Package pdftex.def Info: ./img/sequenceDiagrams/mapRequest.png  used on input line 485.
(pdftex.def)             Requested size: 1044.9012pt x 673.5146pt.
[26

 <./img/sequenceDiagrams/mapRequest.png>]
Underfull \hbox (badness 10000) in paragraph at lines 494--496

 []

<./img/sequenceDiagrams/showStatistics.png, id=858, 904.37875pt x 704.6325pt>
File: ./img/sequenceDiagrams/showStatistics.png Graphic file (type png)
<use ./img/sequenceDiagrams/showStatistics.png>
Package pdftex.def Info: ./img/sequenceDiagrams/showStatistics.png  used on input line 505.
(pdftex.def)             Requested size: 904.37656pt x 704.6308pt.
[27

 <./img/sequenceDiagrams/showStatistics.png>]

LaTeX Warning: Reference `fig:sequenceEndRent2' on page 28 undefined on input line 514.

<./img/sequenceDiagrams/Payment.png, id=868, 1254.6875pt x 1005.7575pt>
File: ./img/sequenceDiagrams/Payment.png Graphic file (type png)
<use ./img/sequenceDiagrams/Payment.png>
Package pdftex.def Info: ./img/sequenceDiagrams/Payment.png  used on input line 523.
(pdftex.def)             Requested size: 1254.68445pt x 1005.75505pt.

LaTeX Warning: `!h' float specifier changed to `!ht'.

[28

] [29 <./img/sequenceDiagrams/Payment.png>]
<./img/sequenceDiagrams/ReserveTimer.png, id=881, 1399.2275pt x 1222.5675pt>
File: ./img/sequenceDiagrams/ReserveTimer.png Graphic file (type png)
<use ./img/sequenceDiagrams/ReserveTimer.png>
Package pdftex.def Info: ./img/sequenceDiagrams/ReserveTimer.png  used on input line 541.
(pdftex.def)             Requested size: 1399.22409pt x 1222.56451pt.
 [30

 <./img/sequenceDiagrams/ReserveTimer.png>]
Overfull \hbox (0.14072pt too wide) in paragraph at lines 551--552
 []\T1/cmr/bx/n/10 Interactions not rep-re-sented[] \T1/cmr/m/n/10 When a car has to be tagged back as []
 []

<./img/sequenceDiagrams/maintenanceAPI.png, id=891, 1273.75874pt x 992.70876pt>
File: ./img/sequenceDiagrams/maintenanceAPI.png Graphic file (type png)
<use ./img/sequenceDiagrams/maintenanceAPI.png>
Package pdftex.def Info: ./img/sequenceDiagrams/maintenanceAPI.png  used on input line 555.
(pdftex.def)             Requested size: 1273.75565pt x 992.70634pt.
[31

 <./img/sequenceDiagrams/maintenanceAPI.png>]
<./img/sequenceDiagrams/maintenanceBatteryLevel.png, id=899, 1834.855pt x 859.21pt>
File: ./img/sequenceDiagrams/maintenanceBatteryLevel.png Graphic file (type png)
<use ./img/sequenceDiagrams/maintenanceBatteryLevel.png>
Package pdftex.def Info: ./img/sequenceDiagrams/maintenanceBatteryLevel.png  used on input line 567.
(pdftex.def)             Requested size: 345.0pt x 161.54723pt.
 [32

 <./img/sequenceDiagrams/maintenanceBatteryLevel.png>] [33

]) [34]
\openout2 = `DD_userinterfacedesign.aux'.

 (/Users/federicocapaccio/Documents/GitHub/CalabreseCapaccioCavallo/Releases/DD/DD_userinterfacedesign.tex
Underfull \hbox (badness 10000) in paragraph at lines 2--3

 []


Underfull \hbox (badness 10000) in paragraph at lines 4--6

 []


Underfull \hbox (badness 10000) in paragraph at lines 7--8

 []

[35


]
<mockups/loginPage.pdf, id=921, 293.095pt x 585.18625pt>
File: mockups/loginPage.pdf Graphic file (type pdf)
<use mockups/loginPage.pdf>
Package pdftex.def Info: mockups/loginPage.pdf  used on input line 21.
(pdftex.def)             Requested size: 137.9979pt x 275.51974pt.
 [36

 </Users/federicocapaccio/Documents/GitHub/CalabreseCapaccioCavallo/Releases/DD/mockups/loginPage.pdf>]
Underfull \hbox (badness 10000) in paragraph at lines 41--42

 []

<mockups/homePage.pdf, id=934, 306.14375pt x 585.18625pt>
File: mockups/homePage.pdf Graphic file (type pdf)
<use mockups/homePage.pdf>
Package pdftex.def Info: mockups/homePage.pdf  used on input line 47.
(pdftex.def)             Requested size: 137.9979pt x 263.77783pt.

Underfull \hbox (badness 10000) in paragraph at lines 55--56

 []

[37

 </Users/federicocapaccio/Documents/GitHub/CalabreseCapaccioCavallo/Releases/DD/mockups/homePage.pdf>]
Underfull \hbox (badness 10000) in paragraph at lines 57--58

 []


Underfull \hbox (badness 10000) in paragraph at lines 59--60

 []


Underfull \hbox (badness 10000) in paragraph at lines 61--62

 []


Underfull \hbox (badness 10000) in paragraph at lines 63--64

 []


Underfull \hbox (badness 10000) in paragraph at lines 65--66

 []

<mockups/findCar.pdf, id=947, 699.61375pt x 585.18625pt>
File: mockups/findCar.pdf Graphic file (type pdf)
<use mockups/findCar.pdf>
Package pdftex.def Info: mockups/findCar.pdf  used on input line 69.
(pdftex.def)             Requested size: 310.4979pt x 259.71504pt.
[38 </Users/federicocapaccio/Documents/GitHub/CalabreseCapaccioCavallo/Releases/DD/mockups/findCar.pdf>]
Underfull \hbox (badness 10000) in paragraph at lines 85--86

 []


Underfull \hbox (badness 10000) in paragraph at lines 87--88

 []


Underfull \hbox (badness 10000) in paragraph at lines 89--90

 []

<mockups/reserveCar.pdf, id=960, 667.49374pt x 585.18625pt>
File: mockups/reserveCar.pdf Graphic file (type pdf)
<use mockups/reserveCar.pdf>
Package pdftex.def Info: mockups/reserveCar.pdf  used on input line 93.
(pdftex.def)             Requested size: 310.4979pt x 272.21594pt.

Underfull \hbox (badness 10000) in paragraph at lines 102--103

 []

[39 </Users/federicocapaccio/Documents/GitHub/CalabreseCapaccioCavallo/Releases/DD/mockups/reserveCar.pdf>]
Underfull \hbox (badness 10000) in paragraph at lines 104--105

 []


Underfull \hbox (badness 10000) in paragraph at lines 106--107

 []


Underfull \hbox (badness 10000) in paragraph at lines 108--110

 []

<mockups/moneySavingOption.pdf, id=975, 718.685pt x 585.18625pt>
File: mockups/moneySavingOption.pdf Graphic file (type pdf)
<use mockups/moneySavingOption.pdf>
Package pdftex.def Info: mockups/moneySavingOption.pdf  used on input line 117.
(pdftex.def)             Requested size: 310.4979pt x 252.83063pt.

Underfull \hbox (badness 10000) in paragraph at lines 126--127

 []

[40 </Users/federicocapaccio/Documents/GitHub/CalabreseCapaccioCavallo/Releases/DD/mockups/moneySavingOption.pdf>]
Underfull \hbox (badness 10000) in paragraph at lines 137--138

 []


Underfull \hbox (badness 10000) in paragraph at lines 139--140

 []

<mockups/unlockCar.pdf, id=989, 683.55376pt x 585.18625pt>
File: mockups/unlockCar.pdf Graphic file (type pdf)
<use mockups/unlockCar.pdf>
Package pdftex.def Info: mockups/unlockCar.pdf  used on input line 143.
(pdftex.def)             Requested size: 310.4979pt x 265.82262pt.

Underfull \hbox (badness 10000) in paragraph at lines 152--153

 []

[41 </Users/federicocapaccio/Documents/GitHub/CalabreseCapaccioCavallo/Releases/DD/mockups/unlockCar.pdf>]
Underfull \hbox (badness 10000) in paragraph at lines 154--155

 []


Underfull \hbox (badness 10000) in paragraph at lines 156--157

 []


Underfull \hbox (badness 10000) in paragraph at lines 158--159

 []

<mockups/paymentHistory.pdf, id=1003, 293.095pt x 585.18625pt>
File: mockups/paymentHistory.pdf Graphic file (type pdf)
<use mockups/paymentHistory.pdf>
Package pdftex.def Info: mockups/paymentHistory.pdf  used on input line 163.
(pdftex.def)             Requested size: 137.9979pt x 275.51974pt.
[42 </Users/federicocapaccio/Documents/GitHub/CalabreseCapaccioCavallo/Releases/DD/mockups/paymentHistory.pdf>]
Underfull \hbox (badness 10000) in paragraph at lines 171--172

 []


Underfull \hbox (badness 10000) in paragraph at lines 185--187

 []

<mockups/payments.pdf, id=1017, 662.475pt x 585.18625pt>
File: mockups/payments.pdf Graphic file (type pdf)
<use mockups/payments.pdf>
Package pdftex.def Info: mockups/payments.pdf  used on input line 190.
(pdftex.def)             Requested size: 310.4979pt x 274.26965pt.
[43

 </Users/federicocapaccio/Documents/GitHub/CalabreseCapaccioCavallo/Releases/DD/mockups/payments.pdf>]
Underfull \hbox (badness 10000) in paragraph at lines 201--202

 []


Underfull \hbox (badness 10000) in paragraph at lines 203--204

 []


Underfull \hbox (badness 10000) in paragraph at lines 214--216

 []

<mockups/rentHistory.pdf, id=1031, 658.46pt x 585.18625pt>
File: mockups/rentHistory.pdf Graphic file (type pdf)
<use mockups/rentHistory.pdf>
Package pdftex.def Info: mockups/rentHistory.pdf  used on input line 219.
(pdftex.def)             Requested size: 310.4979pt x 275.94835pt.
[44

 </Users/federicocapaccio/Documents/GitHub/CalabreseCapaccioCavallo/Releases/DD/mockups/rentHistory.pdf>]
<mockups/customerCare1.pdf, id=1045, 733.74126pt x 576.1525pt>
File: mockups/customerCare1.pdf Graphic file (type pdf)
<use mockups/customerCare1.pdf>
Package pdftex.def Info: mockups/customerCare1.pdf  used on input line 243.
(pdftex.def)             Requested size: 308.77647pt x 242.46591pt.
 [45

 </Users/federicocapaccio/Documents/GitHub/CalabreseCapaccioCavallo/Releases/DD/mockups/customerCare1.pdf>]
Underfull \hbox (badness 10000) in paragraph at lines 254--255

 []

<mockups/customerCare2.pdf, id=1059, 733.74126pt x 576.1525pt>
File: mockups/customerCare2.pdf Graphic file (type pdf)
<use mockups/customerCare2.pdf>
Package pdftex.def Info: mockups/customerCare2.pdf  used on input line 260.
(pdftex.def)             Requested size: 308.77647pt x 242.46591pt.
) [46

 </Users/federicocapaccio/Documents/GitHub/CalabreseCapaccioCavallo/Releases/DD/mockups/customerCare2.pdf>]
\openout2 = `DD_reqtraceability.aux'.

 (/Users/federicocapaccio/Documents/GitHub/CalabreseCapaccioCavallo/Releases/DD/DD_reqtraceability.tex
Underfull \hbox (badness 10000) in paragraph at lines 5--7

 []


Underfull \hbox (badness 10000) in paragraph at lines 13--14
[]|[]
 []


Underfull \hbox (badness 10000) in paragraph at lines 13--14
[]
 []


Underfull \hbox (badness 10000) in paragraph at lines 16--17
[]|[]
 []


Underfull \hbox (badness 10000) in paragraph at lines 16--17
[]
 []


Underfull \hbox (badness 10000) in paragraph at lines 20--21
[]|[]
 []


Underfull \hbox (badness 10000) in paragraph at lines 20--21
[]
 []


Underfull \hbox (badness 10000) in paragraph at lines 24--25
[]|[]
 []


Underfull \hbox (badness 10000) in paragraph at lines 24--25
[]
 []


Underfull \hbox (badness 10000) in paragraph at lines 24--25
[]
 []


Underfull \hbox (badness 10000) in paragraph at lines 28--29
[]|[]
 []


Underfull \hbox (badness 10000) in paragraph at lines 32--33
[]|[]
 []


Underfull \hbox (badness 10000) in paragraph at lines 32--33
[]
 []


Underfull \hbox (badness 10000) in paragraph at lines 36--37
[]|[]
 []


Underfull \hbox (badness 10000) in paragraph at lines 36--37
[]
 []


Underfull \hbox (badness 10000) in paragraph at lines 36--37
[]
 []


Underfull \hbox (badness 10000) in paragraph at lines 40--41
[]|[]
 []


Overfull \hbox (24.0pt too wide) in alignment at lines 8--43
 [] [] 
 []


Underfull \vbox (badness 10000) detected at line 43
 []

[47


]) [48]
\openout2 = `DD_implementationTesting.aux'.

 (/Users/federicocapaccio/Documents/GitHub/CalabreseCapaccioCavallo/Releases/DD/DD_implementationTesting.tex
Underfull \hbox (badness 10000) in paragraph at lines 4--6

 []


Underfull \hbox (badness 10000) in paragraph at lines 8--18

 []

[49


]
Underfull \hbox (badness 10000) in paragraph at lines 82--85

 []


Underfull \hbox (badness 10000) in paragraph at lines 95--96

 []

[50]
<./img/userDataIntegration.pdf, id=1096, 262.0992pt x 176.5797pt>
File: ./img/userDataIntegration.pdf Graphic file (type pdf)
<use ./img/userDataIntegration.pdf>
Package pdftex.def Info: ./img/userDataIntegration.pdf  used on input line 99.
(pdftex.def)             Requested size: 172.5pt x 116.21692pt.
<./img/submissionDataIntegration.pdf, id=1097, 262.0992pt x 176.5797pt>
File: ./img/submissionDataIntegration.pdf Graphic file (type pdf)
<use ./img/submissionDataIntegration.pdf>
Package pdftex.def Info: ./img/submissionDataIntegration.pdf  used on input line 108.
(pdftex.def)             Requested size: 172.5pt x 116.21692pt.
<./img/statisticsDataintegration.pdf, id=1098, 262.0992pt x 176.5797pt>
File: ./img/statisticsDataintegration.pdf Graphic file (type pdf)
<use ./img/statisticsDataintegration.pdf>
Package pdftex.def Info: ./img/statisticsDataintegration.pdf  used on input line 117.
(pdftex.def)             Requested size: 172.5pt x 116.21692pt.


LaTeX Warning: `h' float specifier changed to `ht'.

<./img/apiDataIntegration.pdf, id=1099, 262.0992pt x 60.225pt>
File: ./img/apiDataIntegration.pdf Graphic file (type pdf)
<use ./img/apiDataIntegration.pdf>
Package pdftex.def Info: ./img/apiDataIntegration.pdf  used on input line 126.
(pdftex.def)             Requested size: 172.5pt x 39.6374pt.

LaTeX Warning: `h' float specifier changed to `ht'.

[51 <./img/userDataIntegration.pdf> <./img/submissionDataIntegration.pdf>] [52 <./img/statisticsDataintegration.pdf> <./img/apiDataIntegration.pdf>]
Underfull \hbox (badness 10000) in paragraph at lines 136--139

 []

<./img/userAppIntegration.pdf, id=1185, 262.0992pt x 60.225pt>
File: ./img/userAppIntegration.pdf Graphic file (type pdf)
<use ./img/userAppIntegration.pdf>
Package pdftex.def Info: ./img/userAppIntegration.pdf  used on input line 142.
(pdftex.def)             Requested size: 172.5pt x 39.6374pt.
<./img/customerCareIntegration.pdf, id=1186, 262.0992pt x 60.225pt>
File: ./img/customerCareIntegration.pdf Graphic file (type pdf)
<use ./img/customerCareIntegration.pdf>
Package pdftex.def Info: ./img/customerCareIntegration.pdf  used on input line 151.
(pdftex.def)             Requested size: 172.5pt x 39.6374pt.
) [53

 <./img/userAppIntegration.pdf> <./img/customerCareIntegration.pdf>]
\openout2 = `DD_appendix.aux'.

 (/Users/federicocapaccio/Documents/GitHub/CalabreseCapaccioCavallo/Releases/DD/DD_appendix.tex

LaTeX Warning: Hyper reference `sec:mapRunView' on page 54 undefined on input line 39.


LaTeX Warning: Reference `fig:sequenceUnlockStartRent' on page 54 undefined on input line 43.

[54


]) [55]
Package atveryend Info: Empty hook `BeforeClearDocument' on input line 83.
Package atveryend Info: Empty hook `AfterLastShipout' on input line 83.
 (/Users/federicocapaccio/Documents/GitHub/CalabreseCapaccioCavallo/Releases/DD/DD_main.aux (/Users/federicocapaccio/Documents/GitHub/CalabreseCapaccioCavallo/Releases/DD/DD_cover.aux) (/Users/federicocapaccio/Documents/GitHub/CalabreseCapaccioCavallo/Releases/DD/DD_introduction.aux) (/Users/federicocapaccio/Documents/GitHub/CalabreseCapaccioCavallo/Releases/DD/DD_archdesign.aux) (/Users/federicocapaccio/Documents/GitHub/CalabreseCapaccioCavallo/Releases/DD/DD_userinterfacedesign.aux) (/Users/federicocapaccio/Documents/GitHub/CalabreseCapaccioCavallo/Releases/DD/DD_reqtraceability.aux) (/Users/federicocapaccio/Documents/GitHub/CalabreseCapaccioCavallo/Releases/DD/DD_implementationTesting.aux) (/Users/federicocapaccio/Documents/GitHub/CalabreseCapaccioCavallo/Releases/DD/DD_appendix.aux))
Package atveryend Info: Executing hook `AtVeryEndDocument' on input line 83.
Package atveryend Info: Executing hook `AtEndAfterFileList' on input line 83.
Package rerunfilecheck Info: File `DD_main.out' has not changed.
(rerunfilecheck)             Checksum: 131E4B2DA5DFDB8C89E39F816B14B702;5255.


LaTeX Warning: There were undefined references.


LaTeX Warning: There were multiply-defined labels.

Package atveryend Info: Empty hook `AtVeryVeryEnd' on input line 83.
 ) 
Here is how much of TeX's memory you used:
 19761 strings out of 492616
 370449 string characters out of 6129481
 677632 words of memory out of 5000000
 22947 multiletter control sequences out of 15000+600000
 18314 words of font info for 35 fonts, out of 8000000 for 9000
 1141 hyphenation exceptions out of 8191
 62i,12n,81p,748b,1151s stack positions out of 5000i,500n,10000p,200000b,80000s
{/usr/local/texlive/2019/texmf-dist/fonts/enc/dvips/cm-super/cm-super-t1.enc}</usr/local/texlive/2019/texmf-dist/fonts/type1/public/amsfonts/cm/cmsy10.pfb></usr/local/texlive/2019/texmf-dist/fonts/type1/public/cm-super/sfbx1000.pfb></usr/local/texlive/2019/texmf-dist/fonts/type1/public/cm-super/sfbx1200.pfb></usr/local/texlive/2019/texmf-dist/fonts/type1/public/cm-super/sfbx1440.pfb></usr/local/texlive/2019/texmf-dist/fonts/type1/public/cm-super/sfbx2074.pfb></usr/local/texlive/2019/texmf-dist/fonts/type1/public/cm-super/sfcc1200.pfb></usr/local/texlive/2019/texmf-dist/fonts/type1/public/cm-super/sfcc1440.pfb></usr/local/texlive/2019/texmf-dist/fonts/type1/public/cm-super/sfcc1728.pfb></usr/local/texlive/2019/texmf-dist/fonts/type1/public/cm-super/sfrm0700.pfb></usr/local/texlive/2019/texmf-dist/fonts/type1/public/cm-super/sfrm1000.pfb></usr/local/texlive/2019/texmf-dist/fonts/type1/public/cm-super/sfrm1200.pfb></usr/local/texlive/2019/texmf-dist/fonts/type1/public/cm-super/sfsl1000.pfb></usr/local/texlive/2019/texmf-dist/fonts/type1/public/cm-super/sfti1000.pfb></usr/local/texlive/2019/texmf-dist/fonts/type1/public/cm-super/sfti1200.pfb></usr/local/texlive/2019/texmf-dist/fonts/type1/public/cm-super/sftt0800.pfb></usr/local/texlive/2019/texmf-dist/fonts/type1/public/cm-super/sftt0900.pfb></usr/local/texlive/2019/texmf-dist/fonts/type1/public/cm-super/sfxc1200.pfb>
Output written on /Users/federicocapaccio/Documents/GitHub/CalabreseCapaccioCavallo/Releases/DD/DD_main.pdf (59 pages, 4147881 bytes).
PDF statistics:
 1368 PDF objects out of 1440 (max. 8388607)
 1134 compressed objects within 12 object streams
 288 named destinations out of 1000 (max. 500000)
 895 words of extra memory for PDF output out of 10000 (max. 10000000)

